[19:44:13] [ServerMain/INFO]: [bootstrap] Running Java 25 (OpenJDK 64-Bit Server VM 25.0.1; Arch Linux null) on Linux 6.18.1-arch1-2 (amd64)
[19:44:13] [ServerMain/INFO]: [bootstrap] Loading Paper 1.21.8-60-main@29c8822 (2025-09-06T21:49:13Z) for Minecraft 1.21.8
[19:44:13] [ServerMain/INFO]: [PluginInitializerManager] Initializing plugins...
[19:44:13] [ServerMain/INFO]: [PluginInitializerManager] Initialized 1 plugin
[19:44:13] [ServerMain/INFO]: [PluginInitializerManager] Bukkit plugins (1):
 - WorldEdit (7.3.17+7262-c7fbe08)
[19:44:18] [ServerMain/INFO]: Environment: Environment[sessionHost=https://sessionserver.mojang.com, servicesHost=https://api.minecraftservices.com, name=PROD]
[19:44:18] [ServerMain/INFO]: [ca.spottedleaf.dataconverter.minecraft.datatypes.MCTypeRegistry] Initialising converters for DataConverter...
[19:44:19] [ServerMain/INFO]: [ca.spottedleaf.dataconverter.minecraft.datatypes.MCTypeRegistry] Finished initialising converters for DataConverter in 428.5ms
[19:44:20] [ServerMain/INFO]: Loaded 1407 recipes
[19:44:20] [ServerMain/INFO]: Loaded 1520 advancements
[19:44:21] [Server thread/INFO]: Starting minecraft server version 1.21.8
[19:44:21] [Server thread/INFO]: Loading properties
[19:44:21] [Server thread/INFO]: This server is running Paper version 1.21.8-60-main@29c8822 (2025-09-06T21:49:13Z) (Implementing API version 1.21.8-R0.1-SNAPSHOT)
[19:44:21] [Server thread/INFO]: [spark] This server bundles the spark profiler. For more information please visit https://docs.papermc.io/paper/profiling
[19:44:21] [Server thread/INFO]: Server Ping Player Sample Count: 12
[19:44:21] [Server thread/INFO]: Using 4 threads for Netty based IO
[19:44:22] [Server thread/INFO]: [MoonriseCommon] Paper is using 2 worker threads, 1 I/O threads
[19:44:22] [Server thread/INFO]: [ChunkTaskScheduler] Chunk system is using population gen parallelism: true
[19:44:22] [Server thread/INFO]: Default game type: SURVIVAL
[19:44:22] [Server thread/INFO]: Generating keypair
[19:44:22] [Server thread/INFO]: Starting Minecraft server on *:25565
[19:44:22] [Server thread/INFO]: Using epoll channel type
[19:44:22] [Server thread/INFO]: Paper: Using libdeflate (Linux x86_64) compression from Velocity.
[19:44:22] [Server thread/INFO]: Paper: Using OpenSSL 3.x.x (Linux x86_64) cipher from Velocity.
[19:44:22] [Server thread/INFO]: [WorldEdit] Loading server plugin WorldEdit v7.3.17+7262-c7fbe08
[19:44:23] [Server thread/INFO]: Got request to register class com.sk89q.worldedit.bukkit.BukkitServerInterface with WorldEdit [com.sk89q.worldedit.extension.platform.PlatformManager@2e08d97f]
[19:44:23] [Server thread/INFO]: Server permissions file permissions.yml is empty, ignoring it
[19:44:23] [Server thread/INFO]: [WorldEdit] Enabling WorldEdit v7.3.17+7262-c7fbe08
[19:44:23] [Server thread/INFO]: Registering commands with com.sk89q.worldedit.bukkit.BukkitServerInterface
[19:44:23] [Server thread/INFO]: WEPIF: Using the Bukkit Permissions API.
[19:44:24] [Server thread/INFO]: Using com.sk89q.worldedit.bukkit.adapter.impl.v1_21_6.PaperweightAdapter as the Bukkit adapter
[19:44:25] [Server thread/INFO]: Preparing level "world"
[19:44:26] [Server thread/INFO]: Preparing start region for dimension minecraft:overworld
[19:44:26] [Server thread/INFO]: Preparing spawn area: 0%
[19:44:27] [Server thread/INFO]: Preparing spawn area: 71%
[19:44:27] [Server thread/INFO]: Time elapsed: 974 ms
[19:44:27] [Server thread/INFO]: Preparing start region for dimension minecraft:the_nether
[19:44:27] [Server thread/INFO]: Preparing spawn area: 0%
[19:44:27] [Server thread/INFO]: Time elapsed: 190 ms
[19:44:27] [Server thread/INFO]: Preparing start region for dimension minecraft:the_end
[19:44:27] [Server thread/INFO]: Preparing spawn area: 0%
[19:44:28] [Server thread/INFO]: Time elapsed: 116 ms
[19:44:28] [Server thread/INFO]: [spark] Starting background profiler...
[19:44:28] [Server thread/INFO]: Done preparing level "world" (2.607s)
[19:44:28] [Server thread/INFO]: Running delayed init tasks
[19:44:28] [Server thread/INFO]: Done (16.063s)! For help, type "help"
[19:45:42] [Server thread/INFO]: Unknown or incomplete command, see below for error
exit<--[HERE]
[19:45:45] [Server thread/INFO]: Unknown or incomplete command, see below for error
exit<--[HERE]
[19:45:47] [Server thread/INFO]: Unknown or incomplete command, see below for error
exit<--[HERE]
[19:45:56] [Server thread/INFO]: Stopping the server
[19:45:56] [Server thread/INFO]: Stopping server
[19:45:57] [Server thread/INFO]: [WorldEdit] Disabling WorldEdit v7.3.17+7262-c7fbe08
[19:45:57] [Server thread/INFO]: Unregistering com.sk89q.worldedit.bukkit.BukkitServerInterface from WorldEdit
[19:45:57] [Server thread/INFO]: Saving players
[19:45:57] [Server thread/INFO]: Saving worlds
[19:45:57] [Server thread/INFO]: Saving chunks for level 'ServerLevel[world]'/minecraft:overworld
[19:45:57] [Server thread/INFO]: [ChunkHolderManager] Waiting 60s for chunk system to halt for world 'world'
[19:45:57] [Server thread/INFO]: [ChunkHolderManager] Halted chunk system for world 'world'
[19:45:57] [Server thread/INFO]: [ChunkHolderManager] Saving all chunkholders for world 'world'
[19:45:57] [Server thread/INFO]: [ChunkHolderManager] Saved 74 block chunks, 74 entity chunks, 0 poi chunks in world 'world' in 0.16s
[19:45:57] [Server thread/INFO]: [ChunkHolderManager] Waiting 60s for chunk I/O to halt for world 'world'
[19:45:57] [Server thread/INFO]: [ChunkHolderManager] Halted I/O scheduler for world 'world'
[19:45:57] [Server thread/INFO]: Saving chunks for level 'ServerLevel[world_nether]'/minecraft:the_nether
[19:45:57] [Server thread/INFO]: [ChunkHolderManager] Waiting 60s for chunk system to halt for world 'world_nether'
[19:45:57] [Server thread/INFO]: [ChunkHolderManager] Halted chunk system for world 'world_nether'
[19:45:57] [Server thread/INFO]: [ChunkHolderManager] Saving all chunkholders for world 'world_nether'
[19:45:57] [Server thread/INFO]: [ChunkHolderManager] Saved 49 block chunks, 49 entity chunks, 0 poi chunks in world 'world_nether' in 0.15s
[19:45:57] [Server thread/INFO]: [ChunkHolderManager] Waiting 60s for chunk I/O to halt for world 'world_nether'
[19:45:57] [Server thread/INFO]: [ChunkHolderManager] Halted I/O scheduler for world 'world_nether'
[19:45:57] [Server thread/INFO]: Saving chunks for level 'ServerLevel[world_the_end]'/minecraft:the_end
[19:45:57] [Server thread/INFO]: [ChunkHolderManager] Waiting 60s for chunk system to halt for world 'world_the_end'
[19:45:57] [Server thread/INFO]: [ChunkHolderManager] Halted chunk system for world 'world_the_end'
[19:45:57] [Server thread/INFO]: [ChunkHolderManager] Saving all chunkholders for world 'world_the_end'
[19:45:57] [Server thread/INFO]: [ChunkHolderManager] Saved 49 block chunks, 49 entity chunks, 0 poi chunks in world 'world_the_end' in 0.04s
[19:45:57] [Server thread/INFO]: [ChunkHolderManager] Waiting 60s for chunk I/O to halt for world 'world_the_end'
[19:45:57] [Server thread/INFO]: [ChunkHolderManager] Halted I/O scheduler for world 'world_the_end'
[19:45:57] [Server thread/INFO]: ThreadedAnvilChunkStorage (world): All chunks are saved
[19:45:57] [Server thread/INFO]: ThreadedAnvilChunkStorage (DIM-1): All chunks are saved
[19:45:57] [Server thread/INFO]: ThreadedAnvilChunkStorage (DIM1): All chunks are saved
[19:45:57] [Server thread/INFO]: ThreadedAnvilChunkStorage: All dimensions are saved
[19:45:57] [Server thread/INFO]: Waiting for all RegionFile I/O tasks to complete...
[19:45:57] [Server thread/INFO]: All RegionFile I/O tasks to complete
[19:45:57] [Server thread/INFO]: [MoonriseCommon] Awaiting termination of worker pool for up to 60s...
[19:45:57] [Server thread/INFO]: [MoonriseCommon] Awaiting termination of I/O pool for up to 60s...
